app/build/intermediates/manifest_merge_blame_file/debug/manifest-merger-blame-debug-report.txt
1<?xml version="1.0" encoding="utf-8"?>
2<manifest xmlns:android="http://schemas.android.com/apk/res/android"
3    package="com.android.habitapplication"
4    android:versionCode="1"
5    android:versionName="1.0" >
6
7    <uses-sdk
8        android:minSdkVersion="26"
9        android:targetSdkVersion="35" />
10
11    <uses-permission android:name="android.permission.POST_NOTIFICATIONS" />
11-->src\main\AndroidManifest.xml:5:5-77
11-->src\main\AndroidManifest.xml:5:22-74
12    <uses-permission android:name="android.permission.SCHEDULE_EXACT_ALARM" />
12-->src\main\AndroidManifest.xml:6:5-79
12-->src\main\AndroidManifest.xml:6:22-76
13    <uses-permission android:name="android.permission.USE_EXACT_ALARM" />
13-->src\main\AndroidManifest.xml:7:5-74
13-->src\main\AndroidManifest.xml:7:22-71
14    <uses-permission android:name="android.permission.VIBRATE" />
14-->src\main\AndroidManifest.xml:8:5-66
14-->src\main\AndroidManifest.xml:8:22-63
15    <uses-permission android:name="android.permission.INTERNET" />
15-->[com.google.firebase:firebase-auth:23.2.0] AndroidManifest.xml:25:5-67
15-->[com.google.firebase:firebase-auth:23.2.0] AndroidManifest.xml:25:22-64
16    <uses-permission android:name="android.permission.ACCESS_NETWORK_STATE" />
16-->[com.google.firebase:firebase-auth:23.2.0] AndroidManifest.xml:26:5-79
16-->[com.google.firebase:firebase-auth:23.2.0] AndroidManifest.xml:26:22-76
17    <uses-permission android:name="android.permission.WAKE_LOCK" /> <!-- Required by older versions of Google Play services to create IID tokens -->
17-->[com.google.firebase:firebase-messaging:24.1.1] AndroidManifest.xml:24:5-68
17-->[com.google.firebase:firebase-messaging:24.1.1] AndroidManifest.xml:24:22-65
18    <uses-permission android:name="com.google.android.c2dm.permission.RECEIVE" />
18-->[com.google.firebase:firebase-messaging:24.1.1] AndroidManifest.xml:26:5-82
18-->[com.google.firebase:firebase-messaging:24.1.1] AndroidManifest.xml:26:22-79
19    <uses-permission android:name="com.google.android.providers.gsf.permission.READ_GSERVICES" />
19-->[com.google.android.recaptcha:recaptcha:18.6.1] AndroidManifest.xml:9:5-98
19-->[com.google.android.recaptcha:recaptcha:18.6.1] AndroidManifest.xml:9:22-95
20
21    <permission
21-->[androidx.core:core:1.15.0] AndroidManifest.xml:22:5-24:47
22        android:name="com.android.habitapplication.DYNAMIC_RECEIVER_NOT_EXPORTED_PERMISSION"
22-->[androidx.core:core:1.15.0] AndroidManifest.xml:23:9-81
23        android:protectionLevel="signature" />
23-->[androidx.core:core:1.15.0] AndroidManifest.xml:24:9-44
24
25    <uses-permission android:name="com.android.habitapplication.DYNAMIC_RECEIVER_NOT_EXPORTED_PERMISSION" />
25-->[androidx.core:core:1.15.0] AndroidManifest.xml:26:5-97
25-->[androidx.core:core:1.15.0] AndroidManifest.xml:26:22-94
26
27    <application
27-->src\main\AndroidManifest.xml:10:5-96:19
28        android:allowBackup="true"
28-->src\main\AndroidManifest.xml:11:9-35
29        android:appComponentFactory="androidx.core.app.CoreComponentFactory"
29-->[androidx.core:core:1.15.0] AndroidManifest.xml:28:18-86
30        android:dataExtractionRules="@xml/data_extraction_rules"
30-->src\main\AndroidManifest.xml:12:9-65
31        android:debuggable="true"
32        android:extractNativeLibs="false"
33        android:fullBackupContent="@xml/backup_rules"
33-->src\main\AndroidManifest.xml:13:9-54
34        android:icon="@mipmap/ic_launcher"
34-->src\main\AndroidManifest.xml:14:9-43
35        android:label="@string/app_name"
35-->src\main\AndroidManifest.xml:15:9-41
36        android:roundIcon="@mipmap/ic_launcher_round"
36-->src\main\AndroidManifest.xml:16:9-54
37        android:supportsRtl="true"
37-->src\main\AndroidManifest.xml:17:9-35
38        android:testOnly="true"
39        android:theme="@style/Theme.HabitApplication" >
39-->src\main\AndroidManifest.xml:18:9-54
40        <activity
40-->src\main\AndroidManifest.xml:21:9-29:20
41            android:name="com.android.habitapplication.ui.splash.LauncherActivity"
41-->src\main\AndroidManifest.xml:22:13-55
42            android:exported="true"
42-->src\main\AndroidManifest.xml:23:13-36
43            android:theme="@style/Theme.HabitApplication.Splash" >
43-->src\main\AndroidManifest.xml:24:13-65
44            <intent-filter>
44-->src\main\AndroidManifest.xml:25:13-28:29
45                <action android:name="android.intent.action.MAIN" />
45-->src\main\AndroidManifest.xml:26:17-69
45-->src\main\AndroidManifest.xml:26:25-66
46
47                <category android:name="android.intent.category.LAUNCHER" />
47-->src\main\AndroidManifest.xml:27:17-77
47-->src\main\AndroidManifest.xml:27:27-74
48            </intent-filter>
49        </activity>
50
51        <!-- Activities -->
52
53        <activity
53-->src\main\AndroidManifest.xml:33:9-35:40
54            android:name="com.android.habitapplication.ui.onboarding.Onboarding3Activity"
54-->src\main\AndroidManifest.xml:34:13-62
55            android:exported="false" />
55-->src\main\AndroidManifest.xml:35:13-37
56        <activity
56-->src\main\AndroidManifest.xml:36:9-38:40
57            android:name="com.android.habitapplication.ui.onboarding.Onboarding2Activity"
57-->src\main\AndroidManifest.xml:37:13-62
58            android:exported="false" />
58-->src\main\AndroidManifest.xml:38:13-37
59        <activity
59-->src\main\AndroidManifest.xml:39:9-41:40
60            android:name="com.android.habitapplication.ui.onboarding.Onboarding1Activity"
60-->src\main\AndroidManifest.xml:40:13-62
61            android:exported="false" />
61-->src\main\AndroidManifest.xml:41:13-37
62        <activity
62-->src\main\AndroidManifest.xml:42:9-44:40
63            android:name="com.android.habitapplication.ui.all_habits.AddHabitActivity"
63-->src\main\AndroidManifest.xml:43:13-59
64            android:exported="false" />
64-->src\main\AndroidManifest.xml:44:13-37
65        <activity
65-->src\main\AndroidManifest.xml:45:9-47:40
66            android:name="com.android.habitapplication.ui.challenges.ChallengeDetailsActivity"
66-->src\main\AndroidManifest.xml:46:13-67
67            android:exported="false" />
67-->src\main\AndroidManifest.xml:47:13-37
68        <activity
68-->src\main\AndroidManifest.xml:48:9-50:40
69            android:name="com.android.habitapplication.SignupActivity"
69-->src\main\AndroidManifest.xml:49:13-43
70            android:exported="false" />
70-->src\main\AndroidManifest.xml:50:13-37
71        <activity
71-->src\main\AndroidManifest.xml:51:9-53:39
72            android:name="com.android.habitapplication.LoginActivity"
72-->src\main\AndroidManifest.xml:52:13-42
73            android:exported="true" />
73-->src\main\AndroidManifest.xml:53:13-36
74        <activity
74-->src\main\AndroidManifest.xml:54:9-56:40
75            android:name="com.android.habitapplication.ChallengeCongratesActivity"
75-->src\main\AndroidManifest.xml:55:13-55
76            android:exported="false" />
76-->src\main\AndroidManifest.xml:56:13-37
77        <activity
77-->src\main\AndroidManifest.xml:57:9-59:40
78            android:name="com.android.habitapplication.HabitActivity"
78-->src\main\AndroidManifest.xml:58:13-42
79            android:exported="false" />
79-->src\main\AndroidManifest.xml:59:13-37
80        <activity
80-->src\main\AndroidManifest.xml:60:9-62:40
81            android:name="com.android.habitapplication.ChooseHabitActivity"
81-->src\main\AndroidManifest.xml:61:13-48
82            android:exported="false" />
82-->src\main\AndroidManifest.xml:62:13-37
83        <activity
83-->src\main\AndroidManifest.xml:63:9-65:40
84            android:name="com.android.habitapplication.ProcrastinateActivity2"
84-->src\main\AndroidManifest.xml:64:13-51
85            android:exported="false" />
85-->src\main\AndroidManifest.xml:65:13-37
86        <activity
86-->src\main\AndroidManifest.xml:66:9-68:40
87            android:name="com.android.habitapplication.ProcrastinateActivity"
87-->src\main\AndroidManifest.xml:67:13-50
88            android:exported="false" />
88-->src\main\AndroidManifest.xml:68:13-37
89        <activity
89-->src\main\AndroidManifest.xml:69:9-71:40
90            android:name="com.android.habitapplication.EveningSelectionActivity"
90-->src\main\AndroidManifest.xml:70:13-53
91            android:exported="false" />
91-->src\main\AndroidManifest.xml:71:13-37
92        <activity
92-->src\main\AndroidManifest.xml:72:9-74:49
93            android:name="com.android.habitapplication.MorningSelectionActivity"
93-->src\main\AndroidManifest.xml:73:13-53
94            android:exported="false" />
94-->src\main\AndroidManifest.xml:74:13-37
95        <activity
95-->src\main\AndroidManifest.xml:75:9-78:20
96            android:name="com.android.habitapplication.MainActivity"
96-->src\main\AndroidManifest.xml:76:13-41
97            android:exported="true" >
97-->src\main\AndroidManifest.xml:77:13-36
98        </activity>
99        <activity
99-->src\main\AndroidManifest.xml:79:9-82:20
100            android:name="com.android.habitapplication.WelcomeActivity"
100-->src\main\AndroidManifest.xml:80:13-44
101            android:exported="true" >
101-->src\main\AndroidManifest.xml:81:13-36
102        </activity>
103        <!-- Receiver for Alarm -->
104        <receiver
104-->src\main\AndroidManifest.xml:84:9-86:40
105            android:name="com.android.habitapplication.ui.AlarmReceiver"
105-->src\main\AndroidManifest.xml:85:13-45
106            android:exported="false" />
106-->src\main\AndroidManifest.xml:86:13-37
107        <receiver android:name="com.android.habitapplication.NotificationReceiver" />
107-->src\main\AndroidManifest.xml:87:9-58
107-->src\main\AndroidManifest.xml:87:19-55
108
109        <service
109-->src\main\AndroidManifest.xml:88:9-94:19
110            android:name="com.android.habitapplication.ui.settings.MyFirebaseMessagingService"
110-->src\main\AndroidManifest.xml:89:13-67
111            android:exported="false" >
111-->src\main\AndroidManifest.xml:90:13-37
112            <intent-filter>
112-->src\main\AndroidManifest.xml:91:13-93:29
113                <action android:name="com.google.firebase.MESSAGING_EVENT" />
113-->src\main\AndroidManifest.xml:92:17-78
113-->src\main\AndroidManifest.xml:92:25-75
114            </intent-filter>
115        </service>
116        <service
116-->[com.google.firebase:firebase-auth-ktx:23.2.0] AndroidManifest.xml:8:9-14:19
117            android:name="com.google.firebase.components.ComponentDiscoveryService"
117-->[com.google.firebase:firebase-auth-ktx:23.2.0] AndroidManifest.xml:9:13-84
118            android:directBootAware="true"
118-->[com.google.firebase:firebase-common:21.0.0] AndroidManifest.xml:32:13-43
119            android:exported="false" >
119-->[com.google.firebase:firebase-auth-ktx:23.2.0] AndroidManifest.xml:10:13-37
120            <meta-data
120-->[com.google.firebase:firebase-auth-ktx:23.2.0] AndroidManifest.xml:11:13-13:85
121                android:name="com.google.firebase.components:com.google.firebase.auth.ktx.FirebaseAuthLegacyRegistrar"
121-->[com.google.firebase:firebase-auth-ktx:23.2.0] AndroidManifest.xml:12:17-119
122                android:value="com.google.firebase.components.ComponentRegistrar" />
122-->[com.google.firebase:firebase-auth-ktx:23.2.0] AndroidManifest.xml:13:17-82
123            <meta-data
123-->[com.google.firebase:firebase-auth:23.2.0] AndroidManifest.xml:69:13-71:85
124                android:name="com.google.firebase.components:com.google.firebase.auth.FirebaseAuthRegistrar"
124-->[com.google.firebase:firebase-auth:23.2.0] AndroidManifest.xml:70:17-109
125                android:value="com.google.firebase.components.ComponentRegistrar" />
125-->[com.google.firebase:firebase-auth:23.2.0] AndroidManifest.xml:71:17-82
126            <meta-data
126-->[com.google.firebase:firebase-firestore-ktx:25.1.3] AndroidManifest.xml:12:13-14:85
127                android:name="com.google.firebase.components:com.google.firebase.firestore.ktx.FirebaseFirestoreLegacyRegistrar"
127-->[com.google.firebase:firebase-firestore-ktx:25.1.3] AndroidManifest.xml:13:17-129
128                android:value="com.google.firebase.components.ComponentRegistrar" />
128-->[com.google.firebase:firebase-firestore-ktx:25.1.3] AndroidManifest.xml:14:17-82
129            <meta-data
129-->[com.google.firebase:firebase-firestore:25.1.3] AndroidManifest.xml:17:13-19:85
130                android:name="com.google.firebase.components:com.google.firebase.firestore.FirebaseFirestoreKtxRegistrar"
130-->[com.google.firebase:firebase-firestore:25.1.3] AndroidManifest.xml:18:17-122
131                android:value="com.google.firebase.components.ComponentRegistrar" />
131-->[com.google.firebase:firebase-firestore:25.1.3] AndroidManifest.xml:19:17-82
132            <meta-data
132-->[com.google.firebase:firebase-firestore:25.1.3] AndroidManifest.xml:20:13-22:85
133                android:name="com.google.firebase.components:com.google.firebase.firestore.FirestoreRegistrar"
133-->[com.google.firebase:firebase-firestore:25.1.3] AndroidManifest.xml:21:17-111
134                android:value="com.google.firebase.components.ComponentRegistrar" />
134-->[com.google.firebase:firebase-firestore:25.1.3] AndroidManifest.xml:22:17-82
135            <meta-data
135-->[com.google.firebase:firebase-messaging-ktx:24.1.1] AndroidManifest.xml:26:13-28:85
136                android:name="com.google.firebase.components:com.google.firebase.messaging.ktx.FirebaseMessagingLegacyRegistrar"
136-->[com.google.firebase:firebase-messaging-ktx:24.1.1] AndroidManifest.xml:27:17-129
137                android:value="com.google.firebase.components.ComponentRegistrar" />
137-->[com.google.firebase:firebase-messaging-ktx:24.1.1] AndroidManifest.xml:28:17-82
138            <meta-data
138-->[com.google.firebase:firebase-messaging:24.1.1] AndroidManifest.xml:57:13-59:85
139                android:name="com.google.firebase.components:com.google.firebase.messaging.FirebaseMessagingKtxRegistrar"
139-->[com.google.firebase:firebase-messaging:24.1.1] AndroidManifest.xml:58:17-122
140                android:value="com.google.firebase.components.ComponentRegistrar" />
140-->[com.google.firebase:firebase-messaging:24.1.1] AndroidManifest.xml:59:17-82
141            <meta-data
141-->[com.google.firebase:firebase-messaging:24.1.1] AndroidManifest.xml:60:13-62:85
142                android:name="com.google.firebase.components:com.google.firebase.messaging.FirebaseMessagingRegistrar"
142-->[com.google.firebase:firebase-messaging:24.1.1] AndroidManifest.xml:61:17-119
143                android:value="com.google.firebase.components.ComponentRegistrar" />
143-->[com.google.firebase:firebase-messaging:24.1.1] AndroidManifest.xml:62:17-82
144            <meta-data
144-->[com.google.firebase:firebase-installations:18.0.0] AndroidManifest.xml:15:13-17:85
145                android:name="com.google.firebase.components:com.google.firebase.installations.FirebaseInstallationsKtxRegistrar"
145-->[com.google.firebase:firebase-installations:18.0.0] AndroidManifest.xml:16:17-130
146                android:value="com.google.firebase.components.ComponentRegistrar" />
146-->[com.google.firebase:firebase-installations:18.0.0] AndroidManifest.xml:17:17-82
147            <meta-data
147-->[com.google.firebase:firebase-installations:18.0.0] AndroidManifest.xml:18:13-20:85
148                android:name="com.google.firebase.components:com.google.firebase.installations.FirebaseInstallationsRegistrar"
148-->[com.google.firebase:firebase-installations:18.0.0] AndroidManifest.xml:19:17-127
149                android:value="com.google.firebase.components.ComponentRegistrar" />
149-->[com.google.firebase:firebase-installations:18.0.0] AndroidManifest.xml:20:17-82
150            <meta-data
150-->[com.google.firebase:firebase-common-ktx:21.0.0] AndroidManifest.xml:12:13-14:85
151                android:name="com.google.firebase.components:com.google.firebase.ktx.FirebaseCommonLegacyRegistrar"
151-->[com.google.firebase:firebase-common-ktx:21.0.0] AndroidManifest.xml:13:17-116
152                android:value="com.google.firebase.components.ComponentRegistrar" />
152-->[com.google.firebase:firebase-common-ktx:21.0.0] AndroidManifest.xml:14:17-82
153            <meta-data
153-->[com.google.firebase:firebase-common:21.0.0] AndroidManifest.xml:35:13-37:85
154                android:name="com.google.firebase.components:com.google.firebase.FirebaseCommonKtxRegistrar"
154-->[com.google.firebase:firebase-common:21.0.0] AndroidManifest.xml:36:17-109
155                android:value="com.google.firebase.components.ComponentRegistrar" />
155-->[com.google.firebase:firebase-common:21.0.0] AndroidManifest.xml:37:17-82
156            <meta-data
156-->[com.google.firebase:firebase-datatransport:18.2.0] AndroidManifest.xml:25:13-27:85
157                android:name="com.google.firebase.components:com.google.firebase.datatransport.TransportRegistrar"
157-->[com.google.firebase:firebase-datatransport:18.2.0] AndroidManifest.xml:26:17-115
158                android:value="com.google.firebase.components.ComponentRegistrar" />
158-->[com.google.firebase:firebase-datatransport:18.2.0] AndroidManifest.xml:27:17-82
159        </service>
160
161        <activity
161-->[com.google.firebase:firebase-auth:23.2.0] AndroidManifest.xml:29:9-46:20
162            android:name="com.google.firebase.auth.internal.GenericIdpActivity"
162-->[com.google.firebase:firebase-auth:23.2.0] AndroidManifest.xml:30:13-80
163            android:excludeFromRecents="true"
163-->[com.google.firebase:firebase-auth:23.2.0] AndroidManifest.xml:31:13-46
164            android:exported="true"
164-->[com.google.firebase:firebase-auth:23.2.0] AndroidManifest.xml:32:13-36
165            android:launchMode="singleTask"
165-->[com.google.firebase:firebase-auth:23.2.0] AndroidManifest.xml:33:13-44
166            android:theme="@android:style/Theme.Translucent.NoTitleBar" >
166-->[com.google.firebase:firebase-auth:23.2.0] AndroidManifest.xml:34:13-72
167            <intent-filter>
167-->[com.google.firebase:firebase-auth:23.2.0] AndroidManifest.xml:35:13-45:29
168                <action android:name="android.intent.action.VIEW" />
168-->[com.google.firebase:firebase-auth:23.2.0] AndroidManifest.xml:36:17-69
168-->[com.google.firebase:firebase-auth:23.2.0] AndroidManifest.xml:36:25-66
169
170                <category android:name="android.intent.category.DEFAULT" />
170-->[com.google.firebase:firebase-auth:23.2.0] AndroidManifest.xml:38:17-76
170-->[com.google.firebase:firebase-auth:23.2.0] AndroidManifest.xml:38:27-73
171                <category android:name="android.intent.category.BROWSABLE" />
171-->[com.google.firebase:firebase-auth:23.2.0] AndroidManifest.xml:39:17-78
171-->[com.google.firebase:firebase-auth:23.2.0] AndroidManifest.xml:39:27-75
172
173                <data
173-->[com.google.firebase:firebase-auth:23.2.0] AndroidManifest.xml:41:17-44:51
174                    android:host="firebase.auth"
174-->[com.google.firebase:firebase-auth:23.2.0] AndroidManifest.xml:42:21-49
175                    android:path="/"
175-->[com.google.firebase:firebase-auth:23.2.0] AndroidManifest.xml:43:21-37
176                    android:scheme="genericidp" />
176-->[com.google.firebase:firebase-auth:23.2.0] AndroidManifest.xml:44:21-48
177            </intent-filter>
178        </activity>
179        <activity
179-->[com.google.firebase:firebase-auth:23.2.0] AndroidManifest.xml:47:9-64:20
180            android:name="com.google.firebase.auth.internal.RecaptchaActivity"
180-->[com.google.firebase:firebase-auth:23.2.0] AndroidManifest.xml:48:13-79
181            android:excludeFromRecents="true"
181-->[com.google.firebase:firebase-auth:23.2.0] AndroidManifest.xml:49:13-46
182            android:exported="true"
182-->[com.google.firebase:firebase-auth:23.2.0] AndroidManifest.xml:50:13-36
183            android:launchMode="singleTask"
183-->[com.google.firebase:firebase-auth:23.2.0] AndroidManifest.xml:51:13-44
184            android:theme="@android:style/Theme.Translucent.NoTitleBar" >
184-->[com.google.firebase:firebase-auth:23.2.0] AndroidManifest.xml:52:13-72
185            <intent-filter>
185-->[com.google.firebase:firebase-auth:23.2.0] AndroidManifest.xml:53:13-63:29
186                <action android:name="android.intent.action.VIEW" />
186-->[com.google.firebase:firebase-auth:23.2.0] AndroidManifest.xml:36:17-69
186-->[com.google.firebase:firebase-auth:23.2.0] AndroidManifest.xml:36:25-66
187
188                <category android:name="android.intent.category.DEFAULT" />
188-->[com.google.firebase:firebase-auth:23.2.0] AndroidManifest.xml:38:17-76
188-->[com.google.firebase:firebase-auth:23.2.0] AndroidManifest.xml:38:27-73
189                <category android:name="android.intent.category.BROWSABLE" />
189-->[com.google.firebase:firebase-auth:23.2.0] AndroidManifest.xml:39:17-78
189-->[com.google.firebase:firebase-auth:23.2.0] AndroidManifest.xml:39:27-75
190
191                <data
191-->[com.google.firebase:firebase-auth:23.2.0] AndroidManifest.xml:41:17-44:51
192                    android:host="firebase.auth"
192-->[com.google.firebase:firebase-auth:23.2.0] AndroidManifest.xml:42:21-49
193                    android:path="/"
193-->[com.google.firebase:firebase-auth:23.2.0] AndroidManifest.xml:43:21-37
194                    android:scheme="recaptcha" />
194-->[com.google.firebase:firebase-auth:23.2.0] AndroidManifest.xml:44:21-48
195            </intent-filter>
196        </activity>
197
198        <service
198-->[androidx.credentials:credentials-play-services-auth:1.2.0-rc01] AndroidManifest.xml:24:9-32:19
199            android:name="androidx.credentials.playservices.CredentialProviderMetadataHolder"
199-->[androidx.credentials:credentials-play-services-auth:1.2.0-rc01] AndroidManifest.xml:25:13-94
200            android:enabled="true"
200-->[androidx.credentials:credentials-play-services-auth:1.2.0-rc01] AndroidManifest.xml:26:13-35
201            android:exported="false" >
201-->[androidx.credentials:credentials-play-services-auth:1.2.0-rc01] AndroidManifest.xml:27:13-37
202            <meta-data
202-->[androidx.credentials:credentials-play-services-auth:1.2.0-rc01] AndroidManifest.xml:29:13-31:104
203                android:name="androidx.credentials.CREDENTIAL_PROVIDER_KEY"
203-->[androidx.credentials:credentials-play-services-auth:1.2.0-rc01] AndroidManifest.xml:30:17-76
204                android:value="androidx.credentials.playservices.CredentialProviderPlayServicesImpl" />
204-->[androidx.credentials:credentials-play-services-auth:1.2.0-rc01] AndroidManifest.xml:31:17-101
205        </service>
206
207        <activity
207-->[androidx.credentials:credentials-play-services-auth:1.2.0-rc01] AndroidManifest.xml:34:9-41:20
208            android:name="androidx.credentials.playservices.HiddenActivity"
208-->[androidx.credentials:credentials-play-services-auth:1.2.0-rc01] AndroidManifest.xml:35:13-76
209            android:configChanges="orientation|screenSize|screenLayout|keyboardHidden"
209-->[androidx.credentials:credentials-play-services-auth:1.2.0-rc01] AndroidManifest.xml:36:13-87
210            android:enabled="true"
210-->[androidx.credentials:credentials-play-services-auth:1.2.0-rc01] AndroidManifest.xml:37:13-35
211            android:exported="false"
211-->[androidx.credentials:credentials-play-services-auth:1.2.0-rc01] AndroidManifest.xml:38:13-37
212            android:fitsSystemWindows="true"
212-->[androidx.credentials:credentials-play-services-auth:1.2.0-rc01] AndroidManifest.xml:39:13-45
213            android:theme="@style/Theme.Hidden" >
213-->[androidx.credentials:credentials-play-services-auth:1.2.0-rc01] AndroidManifest.xml:40:13-48
214        </activity>
215        <activity
215-->[com.google.android.gms:play-services-auth:20.7.0] AndroidManifest.xml:23:9-27:75
216            android:name="com.google.android.gms.auth.api.signin.internal.SignInHubActivity"
216-->[com.google.android.gms:play-services-auth:20.7.0] AndroidManifest.xml:24:13-93
217            android:excludeFromRecents="true"
217-->[com.google.android.gms:play-services-auth:20.7.0] AndroidManifest.xml:25:13-46
218            android:exported="false"
218-->[com.google.android.gms:play-services-auth:20.7.0] AndroidManifest.xml:26:13-37
219            android:theme="@android:style/Theme.Translucent.NoTitleBar" />
219-->[com.google.android.gms:play-services-auth:20.7.0] AndroidManifest.xml:27:13-72
220        <!--
221            Service handling Google Sign-In user revocation. For apps that do not integrate with
222            Google Sign-In, this service will never be started.
223        -->
224        <service
224-->[com.google.android.gms:play-services-auth:20.7.0] AndroidManifest.xml:33:9-37:51
225            android:name="com.google.android.gms.auth.api.signin.RevocationBoundService"
225-->[com.google.android.gms:play-services-auth:20.7.0] AndroidManifest.xml:34:13-89
226            android:exported="true"
226-->[com.google.android.gms:play-services-auth:20.7.0] AndroidManifest.xml:35:13-36
227            android:permission="com.google.android.gms.auth.api.signin.permission.REVOCATION_NOTIFICATION"
227-->[com.google.android.gms:play-services-auth:20.7.0] AndroidManifest.xml:36:13-107
228            android:visibleToInstantApps="true" />
228-->[com.google.android.gms:play-services-auth:20.7.0] AndroidManifest.xml:37:13-48
229
230        <receiver
230-->[com.google.firebase:firebase-messaging:24.1.1] AndroidManifest.xml:29:9-40:20
231            android:name="com.google.firebase.iid.FirebaseInstanceIdReceiver"
231-->[com.google.firebase:firebase-messaging:24.1.1] AndroidManifest.xml:30:13-78
232            android:exported="true"
232-->[com.google.firebase:firebase-messaging:24.1.1] AndroidManifest.xml:31:13-36
233            android:permission="com.google.android.c2dm.permission.SEND" >
233-->[com.google.firebase:firebase-messaging:24.1.1] AndroidManifest.xml:32:13-73
234            <intent-filter>
234-->[com.google.firebase:firebase-messaging:24.1.1] AndroidManifest.xml:33:13-35:29
235                <action android:name="com.google.android.c2dm.intent.RECEIVE" />
235-->[com.google.firebase:firebase-messaging:24.1.1] AndroidManifest.xml:34:17-81
235-->[com.google.firebase:firebase-messaging:24.1.1] AndroidManifest.xml:34:25-78
236            </intent-filter>
237
238            <meta-data
238-->[com.google.firebase:firebase-messaging:24.1.1] AndroidManifest.xml:37:13-39:40
239                android:name="com.google.android.gms.cloudmessaging.FINISHED_AFTER_HANDLED"
239-->[com.google.firebase:firebase-messaging:24.1.1] AndroidManifest.xml:38:17-92
240                android:value="true" />
240-->[com.google.firebase:firebase-messaging:24.1.1] AndroidManifest.xml:39:17-37
241        </receiver>
242        <!--
243             FirebaseMessagingService performs security checks at runtime,
244             but set to not exported to explicitly avoid allowing another app to call it.
245        -->
246        <service
246-->[com.google.firebase:firebase-messaging:24.1.1] AndroidManifest.xml:46:9-53:19
247            android:name="com.google.firebase.messaging.FirebaseMessagingService"
247-->[com.google.firebase:firebase-messaging:24.1.1] AndroidManifest.xml:47:13-82
248            android:directBootAware="true"
248-->[com.google.firebase:firebase-messaging:24.1.1] AndroidManifest.xml:48:13-43
249            android:exported="false" >
249-->[com.google.firebase:firebase-messaging:24.1.1] AndroidManifest.xml:49:13-37
250            <intent-filter android:priority="-500" >
250-->src\main\AndroidManifest.xml:91:13-93:29
251                <action android:name="com.google.firebase.MESSAGING_EVENT" />
251-->src\main\AndroidManifest.xml:92:17-78
251-->src\main\AndroidManifest.xml:92:25-75
252            </intent-filter>
253        </service>
254
255        <provider
255-->[com.google.firebase:firebase-common:21.0.0] AndroidManifest.xml:23:9-28:39
256            android:name="com.google.firebase.provider.FirebaseInitProvider"
256-->[com.google.firebase:firebase-common:21.0.0] AndroidManifest.xml:24:13-77
257            android:authorities="com.android.habitapplication.firebaseinitprovider"
257-->[com.google.firebase:firebase-common:21.0.0] AndroidManifest.xml:25:13-72
258            android:directBootAware="true"
258-->[com.google.firebase:firebase-common:21.0.0] AndroidManifest.xml:26:13-43
259            android:exported="false"
259-->[com.google.firebase:firebase-common:21.0.0] AndroidManifest.xml:27:13-37
260            android:initOrder="100" />
260-->[com.google.firebase:firebase-common:21.0.0] AndroidManifest.xml:28:13-36
261
262        <activity
262-->[com.google.android.gms:play-services-base:18.1.0] AndroidManifest.xml:20:9-22:45
263            android:name="com.google.android.gms.common.api.GoogleApiActivity"
263-->[com.google.android.gms:play-services-base:18.1.0] AndroidManifest.xml:20:19-85
264            android:exported="false"
264-->[com.google.android.gms:play-services-base:18.1.0] AndroidManifest.xml:22:19-43
265            android:theme="@android:style/Theme.Translucent.NoTitleBar" />
265-->[com.google.android.gms:play-services-base:18.1.0] AndroidManifest.xml:21:19-78
266
267        <provider
267-->[androidx.emoji2:emoji2:1.3.0] AndroidManifest.xml:24:9-32:20
268            android:name="androidx.startup.InitializationProvider"
268-->[androidx.emoji2:emoji2:1.3.0] AndroidManifest.xml:25:13-67
269            android:authorities="com.android.habitapplication.androidx-startup"
269-->[androidx.emoji2:emoji2:1.3.0] AndroidManifest.xml:26:13-68
270            android:exported="false" >
270-->[androidx.emoji2:emoji2:1.3.0] AndroidManifest.xml:27:13-37
271            <meta-data
271-->[androidx.emoji2:emoji2:1.3.0] AndroidManifest.xml:29:13-31:52
272                android:name="androidx.emoji2.text.EmojiCompatInitializer"
272-->[androidx.emoji2:emoji2:1.3.0] AndroidManifest.xml:30:17-75